  
 &PARAMETERS
 number_layers = 3    ! Two layers for TBG
 twisted_index_m= 1   ! twisted index m, theta= acos((3d0*m*m + 3d0*m + 0.5d0)/(
 3d0*m*m + 3d0*m + 1d0));
 twisted_angle_array_input = 0 1 1  ! twisted angle array, unit is theta; Number
 _of_layers numbers
 stacking_sequences_input = "A" "A"  "B" ! AB stacking sequences
  only three values "A", "B", "C"; Number_of_layers numbers
 use_poscar = F    ! use POSCAR or not, =T we will generate POSCAR 
 hr_generate = F    ! use POSCAR or not, =T we will generate hr.dat
 gen_sparse_hr = F   ! use POSCAR or not, =T we will generate hr.dat in sparse f
 ormat
 hr_cutoff=0.10000  ! set HmnR=0 if HmnR<hr_cutoff
 vpppi=-2.81       ! pi bond of p orbital 
 lattice_constant_a=2.46       ! in plane lattice constant in unit of Angstrom
 lattice_constant_c=3.36       ! out of plane lattice constant in unit of Angstr
 om
 iR_cut = 1   ! R is in [-iR_cut, -iR_cut+1, ..., iR_cut]
 /
  
   
 >>>Read some paramters from system.in
>> number_layers=      5
>> stacking_sequences:   A  B  C  A  B
>> twisted_index_m=     0
>> twisted_angle_degree=    59.999998 degree
>> twisted angle array:  0 0 0 0 0
 >> We will generate POSCAR
>> hr_cutoff=     0.000100 eV
>> vpppi=    -2.810000 eV
>> iR_cut=      6
>> lattice_constant_a=     2.460000 Angstrom
>> lattice_constant_c=     3.360000 Angstrom
>> gen_sparse_hr   F
 >> We don't generate tight-binding model
 
<< Index-angle table >>
        m:       1       2       3       4       5       6       7       8       9      10
    theta:  21.787  13.174   9.430   7.341   6.009   5.086   4.408   3.890   3.481   3.150
No. atoms:      28      76     148     244     364     508     676     868    1084    1324
        
        m:      11      12      13      14      15      16      17      18      19      20
    theta:   2.876   2.646   2.450   2.281   2.134   2.005   1.890   1.788   1.696   1.614
No. atoms:    1588    1876    2188    2524    2884    3268    3676    4108    4564    5044
        
        m:      21      22      23      24      25      26      27      28      29      30
    theta:   1.538   1.470   1.408   1.350   1.297   1.248   1.203   1.161   1.121   1.085
No. atoms:    5548    6076    6628    7204    7804    8428    9076    9748   10444   11164
        
        m:      31      32      33      34      35      36      37      38      39      40
    theta:   1.050   1.018   0.987   0.959   0.932   0.906   0.882   0.859   0.837   0.817
No. atoms:   11908   12676   13468   14284   15124   15988   16876   17788   18724   19684
        
        m:      41      42      43      44      45      46      47      48      49      50
    theta:   0.797   0.778   0.760   0.743   0.727   0.711   0.696   0.682   0.668   0.655
No. atoms:   20668   21676   22708   23764   24844   25948   27076   28228   29404   30604
        
        m:      51      52      53      54      55      56      57      58      59      60
    theta:   0.642   0.630   0.618   0.607   0.596   0.585   0.575   0.565   0.556   0.547
No. atoms:   31828   33076   34348   35644   36964   38308   39676   41068   42484   43924
        
        m:      61      62      63      64      65      66      67      68      69      70
    theta:   0.538   0.529   0.521   0.513   0.505   0.497   0.490   0.483   0.476   0.469
No. atoms:   45388   46876   48388   49924   51484   53068   54676   56308   57964   59644
        
        m:      71      72      73      74      75      76      77      78      79      80
    theta:   0.463   0.456   0.450   0.444   0.438   0.432   0.427   0.421   0.416   0.411
No. atoms:   61348   63076   64828   66604   68404   70228   72076   73948   75844   77764
        
        m:      81      82      83      84      85      86      87      88      89      90
    theta:   0.406   0.401   0.396   0.391   0.387   0.382   0.378   0.374   0.370   0.366
No. atoms:   79708   81676   83668   85684   87724   89788   91876   93988   96124   98284
        
        m:      91      92      93      94      95      96      97      98      99     100
    theta:   0.362   0.358   0.354   0.350   0.346   0.343   0.339   0.336   0.332   0.329
No. atoms:  100468  102676  104908  107164  109444  111748  114076  116428  118804  121204
        
        m:     101     102     103     104     105     106     107     108     109     110
    theta:   0.326   0.323   0.320   0.317   0.314   0.311   0.308   0.305   0.302   0.299
No. atoms:  123628  126076  128548  131044  133564  136108  138676  141268  143884  146524
        
        m:     111     112     113     114     115     116     117     118     119     120
    theta:   0.297   0.294   0.291   0.289   0.286   0.284   0.282   0.279   0.277   0.275
No. atoms:  149188  151876  154588  157324  160084  162868  165676  168508  171364  174244
        
        m:     121     122     123     124     125     126     127     128     129     130
    theta:   0.272   0.270   0.268   0.266   0.264   0.261   0.259   0.257   0.255   0.253
No. atoms:  177148  180076  183028  186004  189004  192028  195076  198148  201244  204364
        
        m:     131     132     133     134     135     136     137     138     139     140
    theta:   0.252   0.250   0.248   0.246   0.244   0.242   0.241   0.239   0.237   0.235
No. atoms:  207508  210676  213868  217084  220324  223588  226876  230188  233524  236884
        
        m:     141     142     143     144     145     146     147     148     149     150
    theta:   0.234   0.232   0.231   0.229   0.227   0.226   0.224   0.223   0.221   0.220
No. atoms:  240268  243676  247108  250564  254044  257548  261076  264628  268204  271804
        
        m:     151     152     153     154     155     156     157     158     159     160
    theta:   0.218   0.217   0.216   0.214   0.213   0.211   0.210   0.209   0.207   0.206
No. atoms:  275428  279076  282748  286444  290164  293908  297676  301468  305284  309124
        
>>Index-angle table<<
 
m=    0
twisted angle    60.00
length of lattice vector:   2.460 Angstrom
number of atoms per cell        10
          10          10
 Congratulations! you finished the calculation.
 See you next time :)
